[2025-12-23 16:30:47] System.Management.Automation.PropertyNotFoundException: The property 'Status' cannot be found on this object. Verify that the property exists.
   at System.Management.Automation.ExceptionHandlingOps.CheckActionPreference(FunctionContext funcContext, Exception exception)
   at System.Management.Automation.Interpreter.ActionCallInstruction`2.Run(InterpretedFrame frame)
   at System.Management.Automation.Interpreter.EnterTryCatchFinallyInstruction.Run(InterpretedFrame frame)
   at System.Management.Automation.Interpreter.EnterTryCatchFinallyInstruction.Run(InterpretedFrame frame)
[2025-12-23 16:31:01] System.Management.Automation.PropertyNotFoundException: The property 'Status' cannot be found on this object. Verify that the property exists.
   at System.Management.Automation.ExceptionHandlingOps.CheckActionPreference(FunctionContext funcContext, Exception exception)
   at System.Management.Automation.Interpreter.ActionCallInstruction`2.Run(InterpretedFrame frame)
   at System.Management.Automation.Interpreter.EnterTryCatchFinallyInstruction.Run(InterpretedFrame frame)
   at System.Management.Automation.Interpreter.EnterTryCatchFinallyInstruction.Run(InterpretedFrame frame)
[2025-12-23 16:32:19] System.Management.Automation.PropertyNotFoundException: The property 'TaskState' cannot be found on this object. Verify that the property exists.
   at System.Management.Automation.ExceptionHandlingOps.CheckActionPreference(FunctionContext funcContext, Exception exception)
   at System.Management.Automation.Interpreter.ActionCallInstruction`2.Run(InterpretedFrame frame)
   at System.Management.Automation.Interpreter.EnterTryCatchFinallyInstruction.Run(InterpretedFrame frame)
   at System.Management.Automation.Interpreter.EnterTryCatchFinallyInstruction.Run(InterpretedFrame frame)
[2025-12-23 16:33:23] System.Management.Automation.PropertyNotFoundException: The property 'TaskState' cannot be found on this object. Verify that the property exists.
   at System.Management.Automation.ExceptionHandlingOps.CheckActionPreference(FunctionContext funcContext, Exception exception)
   at System.Management.Automation.Interpreter.ActionCallInstruction`2.Run(InterpretedFrame frame)
   at System.Management.Automation.Interpreter.EnterTryCatchFinallyInstruction.Run(InterpretedFrame frame)
   at System.Management.Automation.Interpreter.EnterTryCatchFinallyInstruction.Run(InterpretedFrame frame)
[2025-12-23 16:35:05] System.Management.Automation.ParameterBindingArgumentTransformationException: Cannot process argument transformation on parameter 'RunLevel'. Cannot convert value "LeastPrivilege" to type "Microsoft.PowerShell.Cmdletization.GeneratedTypes.ScheduledTask.RunLevelEnum". Error: "Unable to match the identifier name LeastPrivilege to a valid enumerator name. Specify one of the following enumerator names and try again:
Limited, Highest" ---> System.Management.Automation.ArgumentTransformationMetadataException: Cannot convert value "LeastPrivilege" to type "Microsoft.PowerShell.Cmdletization.GeneratedTypes.ScheduledTask.RunLevelEnum". Error: "Unable to match the identifier name LeastPrivilege to a valid enumerator name. Specify one of the following enumerator names and try again:
Limited, Highest" ---> System.Management.Automation.PSInvalidCastException: Cannot convert value "LeastPrivilege" to type "Microsoft.PowerShell.Cmdletization.GeneratedTypes.ScheduledTask.RunLevelEnum". Error: "Unable to match the identifier name LeastPrivilege to a valid enumerator name. Specify one of the following enumerator names and try again:
Limited, Highest" ---> System.Management.Automation.RuntimeException: Unable to match the identifier name LeastPrivilege to a valid enumerator name. Specify one of the following enumerator names and try again:
Limited, Highest
   at System.Management.Automation.EnumMinimumDisambiguation.EnumDisambiguate(String text, Type enumType)
   at System.Management.Automation.LanguagePrimitives.ConvertStringToEnum(Object valueToConvert, Type resultType, Boolean recursion, PSObject originalValueToConvert, IFormatProvider formatProvider, TypeTable backupTable)
   --- End of inner exception stack trace ---
   at System.Management.Automation.LanguagePrimitives.ConvertStringToEnum(Object valueToConvert, Type resultType, Boolean recursion, PSObject originalValueToConvert, IFormatProvider formatProvider, TypeTable backupTable)
   at System.Management.Automation.LanguagePrimitives.ConversionData`1.Invoke(Object valueToConvert, Type resultType, Boolean recurse, PSObject originalValueToConvert, IFormatProvider formatProvider, TypeTable backupTable)
   at System.Management.Automation.LanguagePrimitives.ConvertTo(Object valueToConvert, Type resultType, Boolean recursion, IFormatProvider formatProvider, TypeTable backupTypeTable)
   at System.Management.Automation.ArgumentTypeConverterAttribute.Transform(EngineIntrinsics engineIntrinsics, Object inputData, Boolean bindingParameters, Boolean bindingScriptCmdlet)
   --- End of inner exception stack trace ---
   at System.Management.Automation.ArgumentTypeConverterAttribute.Transform(EngineIntrinsics engineIntrinsics, Object inputData, Boolean bindingParameters, Boolean bindingScriptCmdlet)
   at System.Management.Automation.ParameterBinderBase.BindParameter(CommandParameterInternal parameter, CompiledCommandParameter parameterMetadata, ParameterBindingFlags flags)
   --- End of inner exception stack trace ---
   at System.Management.Automation.ExceptionHandlingOps.CheckActionPreference(FunctionContext funcContext, Exception exception)
   at System.Management.Automation.Interpreter.ActionCallInstruction`2.Run(InterpretedFrame frame)
   at System.Management.Automation.Interpreter.EnterTryCatchFinallyInstruction.Run(InterpretedFrame frame)
   at System.Management.Automation.Interpreter.EnterTryCatchFinallyInstruction.Run(InterpretedFrame frame)
